SF:lib/data/datasources/db/database_helper.dart
DA:9,1
DA:13,2
DA:17,1
DA:18,2
DA:22,1
DA:31,1
DA:32,2
DA:33,1
DA:35,3
DA:39,0
DA:40,0
DA:47,0
DA:49,0
DA:56,0
DA:58,0
DA:66,0
DA:68,0
DA:76,0
DA:79,1
DA:81,2
DA:82,2
DA:83,2
DA:84,1
DA:85,1
DA:86,1
DA:91,1
DA:92,2
DA:93,2
DA:96,1
DA:102,1
DA:103,2
DA:104,2
DA:107,1
DA:111,1
DA:112,2
DA:113,3
DA:116,1
DA:117,2
DA:118,2
DA:121,2
DA:125,1
DA:126,2
DA:127,2
DA:130,1
DA:133,1
DA:134,1
DA:140,1
DA:141,2
DA:143,2
DA:148,1
DA:149,2
DA:150,3
DA:153,1
DA:154,2
DA:155,2
DA:158,2
DA:162,1
DA:163,2
DA:164,2
DA:167,1
DA:170,1
DA:171,1
DA:177,1
DA:178,2
DA:179,2
DA:184,1
DA:186,2
DA:187,2
DA:188,2
DA:189,1
DA:190,1
DA:191,1
DA:196,1
DA:197,2
DA:198,2
DA:201,1
DA:207,1
DA:208,2
DA:209,2
DA:212,1
LF:80
LH:71
end_of_record
SF:lib/styles/text_styles.dart
DA:4,10
DA:5,5
DA:6,15
DA:8,15
DA:10,15
DA:12,0
DA:16,15
DA:17,5
DA:18,5
DA:19,5
DA:20,5
LF:11
LH:10
end_of_record
SF:lib/utils/exception.dart
DA:6,4
DA:12,2
LF:2
LH:2
end_of_record
SF:lib/utils/failure.dart
DA:6,2
DA:8,2
DA:9,4
DA:13,4
DA:17,4
DA:21,4
DA:25,0
DA:29,4
LF:8
LH:7
end_of_record
SF:lib/utils/state_enum.dart
DA:1,25
LF:1
LH:1
end_of_record
SF:lib/utils/utils.dart
DA:3,0
LF:1
LH:0
end_of_record
SF:lib/data/datasources/movie_local_data_source.dart
DA:17,1
DA:20,1
DA:22,3
DA:25,2
DA:30,1
DA:32,3
DA:35,2
DA:40,1
DA:41,3
DA:43,1
DA:50,1
DA:51,3
DA:52,4
DA:56,1
DA:57,3
DA:58,3
DA:62,1
DA:63,3
DA:64,1
DA:65,4
DA:67,1
LF:21
LH:21
end_of_record
SF:lib/data/datasources/movie_remote_data_source.dart
DA:21,1
DA:24,1
DA:26,5
DA:28,2
DA:29,4
DA:31,1
DA:36,1
DA:38,5
DA:40,2
DA:41,3
DA:43,1
DA:48,1
DA:49,2
DA:50,3
DA:52,2
DA:53,4
DA:55,1
DA:60,1
DA:62,5
DA:64,2
DA:65,4
DA:67,1
DA:72,1
DA:74,5
DA:76,2
DA:77,4
DA:79,1
DA:84,1
DA:85,2
DA:86,3
DA:88,2
DA:89,4
DA:91,1
LF:33
LH:33
end_of_record
SF:lib/data/datasources/tv_local_data_source.dart
DA:17,1
DA:22,1
DA:23,3
DA:25,1
DA:32,1
DA:33,3
DA:34,4
DA:38,1
DA:40,3
DA:43,2
DA:48,1
DA:50,3
DA:53,2
DA:58,1
DA:59,3
DA:60,3
DA:64,1
DA:65,3
DA:66,1
DA:67,4
DA:69,1
LF:21
LH:21
end_of_record
SF:lib/data/datasources/tv_remote_data_source.dart
DA:28,1
DA:31,1
DA:33,5
DA:35,2
DA:36,4
DA:38,1
DA:43,1
DA:44,5
DA:46,2
DA:47,3
DA:49,1
DA:54,1
DA:56,5
DA:58,2
DA:59,4
DA:61,1
DA:66,1
DA:68,5
DA:70,2
DA:71,4
DA:73,1
DA:78,1
DA:80,5
DA:82,2
DA:83,4
DA:85,1
DA:90,1
DA:91,2
DA:92,3
DA:94,2
DA:95,4
DA:97,1
DA:102,1
DA:103,2
DA:104,3
DA:106,2
DA:107,4
DA:109,1
DA:114,1
DA:115,2
DA:116,3
DA:118,2
DA:119,3
DA:121,1
LF:44
LH:44
end_of_record
SF:lib/data/repositories/movie_repository_impl.dart
DA:12,1
DA:18,1
DA:20,3
DA:21,2
DA:22,4
DA:23,5
DA:24,1
DA:25,2
DA:26,1
DA:27,2
DA:28,1
DA:29,4
DA:31,3
DA:36,1
DA:38,3
DA:39,2
DA:40,1
DA:41,2
DA:42,1
DA:43,2
DA:44,1
DA:45,4
DA:47,3
DA:52,1
DA:54,3
DA:55,3
DA:56,1
DA:57,2
DA:58,1
DA:59,2
DA:60,1
DA:61,4
DA:63,3
DA:68,1
DA:70,3
DA:71,5
DA:72,1
DA:73,2
DA:74,1
DA:75,2
DA:76,1
DA:77,4
DA:79,3
DA:84,1
DA:86,3
DA:87,5
DA:88,1
DA:89,2
DA:90,1
DA:91,2
DA:92,1
DA:93,4
DA:95,3
DA:100,1
DA:102,3
DA:103,5
DA:104,1
DA:105,2
DA:106,1
DA:107,2
DA:108,1
DA:109,4
DA:111,3
DA:116,1
DA:118,2
DA:119,2
DA:120,1
DA:121,1
DA:122,3
DA:129,1
DA:131,2
DA:132,2
DA:133,1
DA:134,1
DA:135,3
DA:140,1
DA:141,3
DA:146,1
DA:147,3
DA:148,5
LF:80
LH:80
end_of_record
SF:lib/data/repositories/tv_repository_impl.dart
DA:12,1
DA:18,1
DA:20,3
DA:21,5
DA:22,1
DA:23,2
DA:24,1
DA:25,2
DA:26,1
DA:27,4
DA:29,3
DA:34,1
DA:36,3
DA:37,3
DA:38,1
DA:39,2
DA:40,1
DA:41,2
DA:42,1
DA:43,4
DA:45,3
DA:50,1
DA:52,3
DA:53,1
DA:54,5
DA:55,5
DA:56,1
DA:57,2
DA:58,1
DA:59,2
DA:60,1
DA:61,4
DA:63,3
DA:68,1
DA:70,3
DA:71,5
DA:72,1
DA:73,2
DA:74,1
DA:75,2
DA:76,1
DA:77,4
DA:79,3
DA:84,1
DA:86,3
DA:87,3
DA:88,1
DA:89,2
DA:90,1
DA:91,2
DA:92,1
DA:93,4
DA:95,3
DA:100,1
DA:102,3
DA:103,5
DA:104,1
DA:105,2
DA:106,1
DA:107,2
DA:108,1
DA:109,4
DA:111,3
DA:116,1
DA:117,3
DA:118,5
DA:122,1
DA:123,3
DA:128,1
DA:131,4
DA:132,1
DA:133,1
DA:134,3
DA:139,1
DA:142,4
DA:143,1
DA:144,1
DA:145,3
DA:152,1
DA:154,3
DA:155,2
DA:156,1
DA:157,2
DA:158,1
DA:159,2
DA:160,1
DA:161,4
DA:163,3
DA:168,1
DA:171,3
DA:172,2
DA:173,1
DA:174,2
DA:175,1
DA:176,2
DA:177,1
DA:178,4
DA:180,3
LF:98
LH:98
end_of_record
SF:lib/data/models/movie_models/genre_model.dart
DA:7,22
DA:15,6
DA:16,3
DA:17,3
DA:20,4
DA:21,2
DA:22,2
DA:25,3
DA:26,9
DA:29,3
DA:30,9
LF:11
LH:11
end_of_record
SF:lib/data/models/movie_models/movie_detail_model.dart
DA:6,9
DA:52,1
DA:53,1
DA:54,1
DA:55,1
DA:56,1
DA:57,1
DA:58,4
DA:59,1
DA:60,1
DA:61,1
DA:62,1
DA:63,1
DA:64,1
DA:65,2
DA:66,1
DA:67,1
DA:68,1
DA:69,1
DA:70,1
DA:71,1
DA:72,1
DA:73,1
DA:74,2
DA:75,1
DA:78,2
DA:79,1
DA:80,1
DA:81,1
DA:82,5
DA:83,1
DA:84,1
DA:85,1
DA:86,1
DA:87,1
DA:88,1
DA:89,1
DA:90,1
DA:91,1
DA:92,1
DA:93,1
DA:94,1
DA:95,1
DA:96,1
DA:97,1
DA:98,1
DA:99,1
DA:102,1
DA:103,1
DA:104,1
DA:105,1
DA:106,5
DA:107,1
DA:108,1
DA:109,1
DA:110,1
DA:111,1
DA:112,1
DA:113,1
DA:114,1
DA:115,1
DA:119,1
DA:120,1
DA:121,1
DA:122,1
DA:123,1
DA:124,1
DA:125,1
DA:126,1
DA:127,1
DA:128,1
DA:129,1
DA:130,1
DA:131,1
DA:132,1
DA:133,1
DA:134,1
DA:135,1
DA:136,1
DA:137,1
DA:138,1
DA:139,1
DA:140,1
DA:141,1
LF:84
LH:84
end_of_record
SF:lib/data/models/movie_models/movie_model.dart
DA:5,5
DA:35,4
DA:36,2
DA:37,2
DA:38,8
DA:39,2
DA:40,2
DA:41,2
DA:42,4
DA:43,2
DA:44,2
DA:45,2
DA:46,2
DA:47,4
DA:48,2
DA:51,2
DA:52,1
DA:53,1
DA:54,4
DA:55,1
DA:56,1
DA:57,1
DA:58,1
DA:59,1
DA:60,1
DA:61,1
DA:62,1
DA:63,1
DA:64,1
DA:67,2
DA:68,2
DA:69,2
DA:70,2
DA:71,2
DA:72,2
DA:73,2
DA:74,2
DA:75,2
DA:76,2
DA:77,2
DA:78,2
DA:79,2
DA:80,2
DA:81,2
DA:85,2
DA:86,2
DA:87,2
DA:88,2
DA:89,2
DA:90,2
DA:91,2
DA:92,2
DA:93,2
DA:94,2
DA:95,2
DA:96,2
DA:97,2
DA:98,2
DA:99,2
LF:59
LH:59
end_of_record
SF:lib/data/models/movie_models/movie_response.dart
DA:7,3
DA:9,4
DA:10,4
DA:11,6
DA:12,6
DA:15,2
DA:16,5
DA:19,1
DA:20,2
LF:9
LH:9
end_of_record
SF:lib/data/models/movie_models/movie_table.dart
DA:12,9
DA:19,2
DA:20,1
DA:21,1
DA:22,1
DA:23,1
DA:26,2
DA:27,1
DA:28,1
DA:29,1
DA:30,1
DA:33,2
DA:34,1
DA:35,1
DA:36,1
DA:37,1
DA:40,2
DA:41,1
DA:42,1
DA:43,1
DA:44,1
DA:47,2
DA:48,1
DA:49,1
DA:50,1
DA:51,1
DA:54,2
DA:55,10
LF:28
LH:28
end_of_record
SF:lib/data/models/tv_models/createdby_model.dart
DA:5,13
DA:19,4
DA:20,2
DA:21,2
DA:22,2
DA:23,2
DA:24,2
DA:27,2
DA:28,1
DA:29,1
DA:30,1
DA:31,1
DA:32,1
DA:35,3
DA:36,3
DA:37,3
DA:38,3
DA:39,3
DA:40,3
DA:41,3
DA:45,2
DA:46,2
DA:47,2
DA:48,2
DA:49,2
DA:50,2
DA:51,2
LF:27
LH:27
end_of_record
SF:lib/data/models/tv_models/crew_model.dart
DA:5,13
DA:31,4
DA:32,2
DA:33,2
DA:34,2
DA:35,2
DA:36,2
DA:37,2
DA:38,2
DA:39,2
DA:40,2
DA:41,4
DA:42,2
DA:45,2
DA:46,1
DA:47,1
DA:48,1
DA:49,1
DA:50,1
DA:51,1
DA:52,1
DA:53,1
DA:54,1
DA:55,1
DA:56,1
DA:59,3
DA:60,3
DA:61,3
DA:62,3
DA:63,3
DA:64,3
DA:65,3
DA:66,3
DA:67,3
DA:68,3
DA:69,3
DA:70,3
DA:71,3
DA:75,2
DA:76,2
DA:77,2
DA:78,2
DA:79,2
DA:80,2
DA:81,2
DA:82,2
DA:83,2
DA:84,2
DA:85,2
DA:86,2
DA:87,2
LF:51
LH:51
end_of_record
SF:lib/data/models/tv_models/episode_model.dart
DA:7,12
DA:35,4
DA:36,2
DA:37,2
DA:38,2
DA:39,8
DA:40,2
DA:41,8
DA:42,2
DA:43,2
DA:44,2
DA:45,2
DA:46,2
DA:47,2
DA:48,4
DA:49,2
DA:52,2
DA:53,1
DA:54,1
DA:55,5
DA:56,5
DA:57,1
DA:58,1
DA:59,1
DA:60,1
DA:61,1
DA:62,1
DA:63,1
DA:64,1
DA:67,2
DA:68,2
DA:69,2
DA:70,2
DA:71,10
DA:72,10
DA:73,2
DA:74,2
DA:75,2
DA:76,2
DA:77,2
DA:78,2
DA:79,2
DA:80,2
DA:84,2
DA:85,2
DA:86,2
DA:87,2
DA:88,2
DA:89,2
DA:90,2
DA:91,2
DA:92,2
DA:93,2
DA:94,2
DA:95,2
DA:96,2
DA:97,2
LF:57
LH:57
end_of_record
SF:lib/data/models/tv_models/episode_to_air_model.dart
DA:5,12
DA:29,2
DA:30,2
DA:31,2
DA:32,2
DA:33,2
DA:34,2
DA:35,2
DA:36,2
DA:37,2
DA:38,2
DA:39,4
DA:40,2
DA:43,2
DA:44,1
DA:45,1
DA:46,1
DA:47,1
DA:48,1
DA:49,1
DA:50,1
DA:51,1
DA:52,2
DA:53,1
DA:56,2
DA:57,2
DA:58,2
DA:59,2
DA:60,2
DA:61,2
DA:62,2
DA:63,2
DA:64,2
DA:65,2
DA:66,4
DA:67,2
DA:71,2
DA:72,2
DA:73,2
DA:74,2
DA:75,2
DA:76,2
DA:77,2
DA:78,2
DA:79,2
DA:80,2
DA:81,2
DA:82,2
LF:48
LH:48
end_of_record
SF:lib/data/models/tv_models/guest_star_model.dart
DA:5,13
DA:31,4
DA:32,2
DA:33,2
DA:34,2
DA:35,2
DA:36,2
DA:37,2
DA:38,2
DA:39,2
DA:40,2
DA:41,4
DA:42,2
DA:45,2
DA:46,1
DA:47,1
DA:48,1
DA:49,1
DA:50,1
DA:51,1
DA:52,1
DA:53,1
DA:54,1
DA:55,1
DA:56,1
DA:59,3
DA:60,3
DA:61,3
DA:62,3
DA:63,3
DA:64,3
DA:65,3
DA:66,3
DA:67,3
DA:68,3
DA:69,3
DA:70,3
DA:71,3
DA:75,2
DA:76,2
DA:77,2
DA:78,2
DA:79,2
DA:80,2
DA:81,2
DA:82,2
DA:83,2
DA:84,2
DA:85,2
DA:86,2
DA:87,2
LF:51
LH:51
end_of_record
SF:lib/data/models/tv_models/network_model.dart
DA:5,12
DA:17,4
DA:18,2
DA:19,2
DA:20,2
DA:21,2
DA:24,2
DA:25,1
DA:26,1
DA:27,1
DA:28,1
DA:31,2
DA:32,2
DA:33,2
DA:34,2
DA:35,2
DA:36,2
DA:40,2
DA:41,2
DA:42,2
DA:43,2
DA:44,2
DA:45,2
LF:23
LH:23
end_of_record
SF:lib/data/models/tv_models/production_country_model.dart
DA:5,13
DA:13,2
DA:14,2
DA:15,2
DA:16,2
DA:19,2
DA:20,1
DA:21,1
DA:24,3
DA:25,3
DA:26,3
DA:27,3
DA:31,2
DA:32,2
DA:33,2
DA:34,2
LF:16
LH:16
end_of_record
SF:lib/data/models/tv_models/season_detail_model.dart
DA:6,12
DA:26,2
DA:27,2
DA:28,2
DA:29,2
DA:30,2
DA:31,8
DA:32,2
DA:33,2
DA:34,2
DA:35,2
DA:36,2
DA:39,2
DA:40,1
DA:41,1
DA:42,5
DA:43,1
DA:44,1
DA:45,1
DA:46,1
DA:47,1
DA:50,2
DA:51,2
DA:52,2
DA:53,2
DA:54,10
DA:55,2
DA:56,2
DA:57,2
DA:58,2
DA:59,2
DA:63,2
DA:64,2
DA:65,2
DA:66,2
DA:67,2
DA:68,2
DA:69,2
DA:70,2
DA:71,2
DA:72,2
LF:41
LH:41
end_of_record
SF:lib/data/models/tv_models/season_model.dart
DA:5,12
DA:23,4
DA:24,2
DA:25,2
DA:26,2
DA:27,2
DA:28,2
DA:29,2
DA:30,2
DA:33,2
DA:34,1
DA:35,1
DA:36,1
DA:37,1
DA:38,1
DA:39,1
DA:40,1
DA:43,2
DA:44,2
DA:45,2
DA:46,2
DA:47,2
DA:48,2
DA:49,2
DA:50,2
DA:51,2
DA:55,2
DA:56,2
DA:57,2
DA:58,2
DA:59,2
DA:60,2
DA:61,2
DA:62,2
DA:63,2
LF:35
LH:35
end_of_record
SF:lib/data/models/tv_models/spoken_language_model.dart
DA:5,13
DA:15,2
DA:16,2
DA:17,2
DA:18,2
DA:19,2
DA:22,2
DA:23,1
DA:24,1
DA:25,1
DA:28,3
DA:29,3
DA:30,3
DA:31,3
DA:32,3
DA:36,2
DA:37,2
DA:38,2
DA:39,2
DA:40,2
LF:20
LH:20
end_of_record
SF:lib/data/models/tv_models/tv_detail_model.dart
DA:12,12
DA:78,2
DA:79,2
DA:80,2
DA:81,2
DA:82,8
DA:83,8
DA:84,2
DA:85,2
DA:86,8
DA:87,2
DA:88,2
DA:89,2
DA:90,8
DA:91,2
DA:93,4
DA:94,2
DA:95,2
DA:96,4
DA:97,0
DA:98,2
DA:99,8
DA:100,2
DA:101,2
DA:102,8
DA:103,2
DA:104,2
DA:105,2
DA:106,4
DA:107,2
DA:108,2
DA:109,8
DA:110,2
DA:111,2
DA:112,6
DA:113,2
DA:114,8
DA:115,4
DA:116,6
DA:117,2
DA:118,2
DA:119,2
DA:120,4
DA:121,2
DA:124,2
DA:125,1
DA:126,5
DA:127,4
DA:128,1
DA:129,5
DA:130,1
DA:131,1
DA:132,1
DA:133,4
DA:134,1
DA:135,2
DA:136,1
DA:137,2
DA:138,5
DA:139,1
DA:140,1
DA:141,4
DA:142,1
DA:143,1
DA:144,1
DA:145,1
DA:146,1
DA:148,5
DA:150,5
DA:151,5
DA:153,5
DA:154,1
DA:155,1
DA:156,1
DA:157,1
DA:158,1
DA:161,2
DA:162,2
DA:163,10
DA:164,2
DA:165,2
DA:166,10
DA:167,2
DA:168,2
DA:169,2
DA:170,2
DA:171,2
DA:172,4
DA:173,2
DA:175,6
DA:176,10
DA:177,2
DA:178,2
DA:179,2
DA:180,2
DA:181,2
DA:182,2
DA:183,2
DA:184,2
DA:185,2
DA:186,6
DA:187,2
DA:188,2
DA:189,6
DA:190,2
DA:191,10
DA:193,10
DA:194,2
DA:195,2
DA:196,2
DA:197,2
DA:198,2
DA:202,2
DA:203,2
DA:204,2
DA:205,2
DA:206,2
DA:207,2
DA:208,2
DA:209,2
DA:210,2
DA:211,2
DA:212,2
DA:213,2
DA:214,2
DA:215,2
DA:216,2
DA:217,2
DA:218,2
DA:219,2
DA:220,2
DA:221,2
DA:222,2
DA:223,2
DA:224,2
DA:225,2
DA:226,2
DA:227,2
DA:228,2
DA:229,2
DA:230,2
DA:231,2
DA:232,2
DA:233,2
LF:144
LH:143
end_of_record
SF:lib/data/models/tv_models/tv_model.dart
DA:5,13
DA:35,4
DA:36,2
DA:37,2
DA:38,8
DA:39,2
DA:40,2
DA:41,8
DA:42,2
DA:43,2
DA:44,2
DA:45,4
DA:46,2
DA:47,4
DA:48,2
DA:51,2
DA:52,1
DA:53,1
DA:54,4
DA:55,1
DA:56,1
DA:57,4
DA:58,1
DA:59,1
DA:60,1
DA:61,1
DA:62,1
DA:63,1
DA:64,1
DA:67,2
DA:68,2
DA:69,2
DA:70,2
DA:71,2
DA:72,2
DA:73,2
DA:74,2
DA:75,2
DA:76,2
DA:77,2
DA:78,2
DA:79,2
DA:80,2
DA:81,2
DA:85,2
DA:86,2
DA:87,2
DA:88,2
DA:89,2
DA:90,2
DA:91,2
DA:92,2
DA:93,2
DA:94,2
DA:95,2
DA:96,2
DA:97,2
DA:98,2
DA:99,2
LF:59
LH:59
end_of_record
SF:lib/data/models/tv_models/tv_response.dart
DA:7,3
DA:11,4
DA:12,4
DA:13,6
DA:14,6
DA:17,2
DA:18,5
DA:21,1
DA:22,2
LF:9
LH:9
end_of_record
SF:lib/data/models/tv_models/tv_table.dart
DA:12,12
DA:19,2
DA:20,1
DA:21,1
DA:22,1
DA:23,1
DA:26,2
DA:27,1
DA:28,1
DA:29,1
DA:30,1
DA:33,2
DA:34,1
DA:35,1
DA:36,1
DA:37,1
DA:40,2
DA:41,1
DA:42,1
DA:43,1
DA:44,1
DA:47,2
DA:48,1
DA:49,1
DA:50,1
DA:51,1
DA:54,2
DA:55,2
DA:56,2
DA:57,2
DA:58,2
DA:59,2
LF:32
LH:32
end_of_record
SF:lib/domain/entities/movie_entities/genre.dart
DA:4,20
DA:12,3
DA:13,9
LF:3
LH:3
end_of_record
SF:lib/domain/entities/movie_entities/movie_detail.dart
DA:5,8
DA:33,1
DA:34,1
DA:35,1
DA:36,1
DA:37,1
DA:38,1
DA:39,1
DA:40,1
DA:41,1
DA:42,1
DA:43,1
DA:44,1
DA:45,1
LF:14
LH:14
end_of_record
SF:lib/domain/entities/movie_entities/movie.dart
DA:4,4
DA:20,1
DA:43,2
DA:44,2
DA:45,2
DA:46,2
DA:47,2
DA:48,2
DA:49,2
DA:50,2
DA:51,2
DA:52,2
DA:53,2
DA:54,2
DA:55,2
DA:56,2
DA:57,2
LF:17
LH:17
end_of_record
SF:lib/domain/entities/tv_entities/created_by.dart
DA:10,14
DA:18,3
DA:19,3
DA:20,3
DA:21,3
DA:22,3
DA:23,3
DA:24,3
LF:8
LH:8
end_of_record
SF:lib/domain/entities/tv_entities/crew.dart
DA:16,14
DA:30,3
DA:31,3
DA:32,3
DA:33,3
DA:34,3
DA:35,3
DA:36,3
DA:37,3
DA:38,3
DA:39,3
DA:40,3
DA:41,3
DA:42,3
LF:14
LH:14
end_of_record
SF:lib/domain/entities/tv_entities/episode_to_air.dart
DA:15,12
DA:28,2
DA:29,2
DA:30,2
DA:31,2
DA:32,2
DA:33,2
DA:34,2
DA:35,2
DA:36,2
DA:37,2
DA:38,2
DA:39,2
LF:13
LH:13
end_of_record
SF:lib/domain/entities/tv_entities/episode.dart
DA:19,12
DA:34,2
DA:35,2
DA:36,2
DA:37,2
DA:38,2
DA:39,2
DA:40,2
DA:41,2
DA:42,2
DA:43,2
DA:44,2
DA:45,2
DA:46,2
DA:47,2
LF:15
LH:15
end_of_record
SF:lib/domain/entities/tv_entities/guest_star.dart
DA:16,14
DA:30,3
DA:31,3
DA:32,3
DA:33,3
DA:34,3
DA:35,3
DA:36,3
DA:37,3
DA:38,3
DA:39,3
DA:40,3
DA:41,3
DA:42,3
LF:14
LH:14
end_of_record
SF:lib/domain/entities/tv_entities/network.dart
DA:9,12
DA:16,2
DA:17,2
DA:18,2
DA:19,2
DA:20,2
DA:21,2
LF:7
LH:7
end_of_record
SF:lib/domain/entities/tv_entities/production_country.dart
DA:7,14
DA:12,3
DA:13,3
DA:14,3
DA:15,3
LF:5
LH:5
end_of_record
SF:lib/domain/entities/tv_entities/season_detail.dart
DA:14,12
DA:25,2
DA:26,2
DA:27,2
DA:28,2
DA:29,2
DA:30,2
DA:31,2
DA:32,2
DA:33,2
DA:34,2
LF:11
LH:11
end_of_record
SF:lib/domain/entities/tv_entities/season.dart
DA:12,12
DA:22,2
DA:23,2
DA:24,2
DA:25,2
DA:26,2
DA:27,2
DA:28,2
DA:29,2
DA:30,2
LF:10
LH:10
end_of_record
SF:lib/domain/entities/tv_entities/spoken_language.dart
DA:8,14
DA:14,3
DA:15,3
DA:16,3
DA:17,3
DA:18,3
LF:6
LH:6
end_of_record
SF:lib/domain/entities/tv_entities/tv_detail.dart
DA:11,12
DA:77,2
DA:78,2
DA:79,2
DA:80,2
DA:81,2
DA:82,2
DA:83,2
DA:84,2
DA:85,2
DA:86,2
DA:87,2
DA:88,2
DA:89,2
DA:90,2
DA:91,2
DA:92,2
DA:93,2
DA:94,2
DA:95,2
DA:96,2
DA:97,2
DA:98,2
DA:99,2
DA:100,2
DA:101,2
DA:102,2
DA:103,2
DA:104,2
DA:105,2
DA:106,2
DA:107,2
DA:108,2
LF:33
LH:33
end_of_record
SF:lib/domain/entities/tv_entities/tv.dart
DA:18,4
DA:34,1
DA:41,2
DA:42,2
DA:43,2
DA:44,2
DA:45,2
DA:46,2
DA:47,2
DA:48,2
DA:49,2
DA:50,2
DA:51,2
DA:52,2
DA:53,2
DA:54,2
DA:55,2
LF:17
LH:17
end_of_record
SF:lib/presentation/widgets/custom_drawer.dart
DA:10,0
DA:14,0
DA:16,0
DA:17,0
DA:24,0
DA:26,0
DA:27,0
DA:33,0
DA:34,0
DA:35,0
DA:37,0
DA:39,0
DA:40,0
DA:41,0
DA:42,0
DA:43,0
DA:44,0
DA:46,0
DA:47,0
DA:48,0
DA:49,0
DA:50,0
DA:52,0
DA:60,0
DA:61,0
DA:62,0
DA:63,0
DA:64,0
DA:65,0
DA:67,0
DA:68,0
DA:70,0
DA:71,0
DA:72,0
DA:73,0
DA:74,0
DA:75,0
DA:76,0
DA:78,0
DA:82,0
DA:83,0
DA:84,0
DA:85,0
DA:86,0
DA:87,0
DA:88,0
DA:90,0
DA:94,0
DA:95,0
DA:96,0
DA:97,0
DA:98,0
DA:99,0
DA:100,0
DA:102,0
DA:106,0
DA:107,0
DA:108,0
DA:109,0
DA:110,0
DA:111,0
DA:112,0
DA:114,0
DA:118,0
DA:119,0
DA:120,0
DA:121,0
DA:122,0
DA:124,0
DA:127,0
DA:128,0
LF:71
LH:0
end_of_record
SF:lib/presentation/widgets/movie_card_list.dart
DA:15,1
DA:20,1
DA:22,1
DA:24,1
DA:26,1
DA:27,1
DA:28,1
DA:30,1
DA:31,1
DA:32,1
DA:38,1
DA:40,1
DA:41,1
DA:42,1
DA:52,1
DA:53,1
DA:54,2
DA:57,1
DA:59,1
DA:60,1
DA:61,2
DA:69,1
DA:74,1
DA:75,1
DA:76,3
DA:78,2
DA:79,1
DA:81,0
DA:83,0
DA:86,2
LF:30
LH:28
end_of_record
SF:lib/presentation/widgets/movie_list.dart
DA:13,1
DA:17,1
DA:19,1
DA:21,1
DA:23,1
DA:24,1
DA:25,1
DA:26,2
DA:27,1
DA:28,3
DA:29,2
DA:30,1
DA:32,0
LF:13
LH:12
end_of_record
SF:lib/presentation/widgets/seasons_list.dart
DA:14,1
DA:19,1
DA:21,1
DA:23,1
DA:25,1
DA:26,1
DA:27,1
DA:28,2
DA:29,1
DA:30,2
DA:31,2
DA:32,1
DA:33,2
DA:34,1
DA:36,0
LF:15
LH:14
end_of_record
SF:lib/presentation/widgets/tv_card_list.dart
DA:14,1
DA:19,1
DA:21,1
DA:23,1
DA:25,1
DA:26,1
DA:27,1
DA:29,1
DA:30,1
DA:31,1
DA:37,1
DA:39,1
DA:40,1
DA:41,1
DA:51,1
DA:52,1
DA:53,2
DA:56,1
DA:58,1
DA:59,1
DA:60,2
DA:68,1
DA:73,1
DA:74,1
DA:75,3
DA:77,2
DA:78,1
DA:80,0
DA:82,2
LF:29
LH:28
end_of_record
SF:lib/presentation/widgets/tv_list.dart
DA:13,1
DA:17,1
DA:19,1
DA:21,1
DA:23,1
DA:24,1
DA:25,1
DA:26,2
DA:27,1
DA:28,3
DA:29,2
DA:30,1
DA:32,0
LF:13
LH:12
end_of_record
SF:lib/data/datasources/ssl/ssl_pinning.dart
DA:7,0
DA:8,0
DA:9,0
DA:10,0
DA:11,0
DA:12,0
DA:13,0
DA:14,0
LF:8
LH:0
end_of_record
