SF:lib/domain/usecase/get_movie_detail.dart
DA:7,1
DA:9,1
DA:10,2
LF:3
LH:3
end_of_record
SF:lib/domain/usecase/get_movie_recommendations.dart
DA:7,1
DA:9,1
DA:10,2
LF:3
LH:3
end_of_record
SF:lib/domain/usecase/get_now_playing_movies.dart
DA:7,1
DA:9,1
DA:10,2
LF:3
LH:3
end_of_record
SF:lib/domain/usecase/get_popular_movies.dart
DA:7,1
DA:9,1
DA:10,2
LF:3
LH:3
end_of_record
SF:lib/domain/usecase/get_top_rated_movies.dart
DA:7,1
DA:9,1
DA:10,2
LF:3
LH:3
end_of_record
SF:lib/presentation/provider/movie_list_notifier.dart
DA:9,2
DA:12,2
DA:15,2
DA:18,2
DA:21,2
DA:24,2
DA:27,2
DA:29,1
DA:39,1
DA:40,1
DA:41,1
DA:43,3
DA:44,1
DA:45,1
DA:46,1
DA:47,2
DA:48,1
DA:50,1
DA:51,1
DA:52,1
DA:53,1
DA:58,1
DA:59,1
DA:60,1
DA:62,3
DA:63,1
DA:64,1
DA:65,1
DA:66,2
DA:67,1
DA:69,1
DA:70,1
DA:71,1
DA:72,1
DA:77,1
DA:78,1
DA:79,1
DA:81,3
DA:82,1
DA:83,1
DA:84,1
DA:85,2
DA:86,1
DA:88,1
DA:89,1
DA:90,1
DA:91,1
LF:47
LH:47
end_of_record
SF:lib/presentation/provider/movie_detail_notifier.dart
DA:19,1
DA:28,2
DA:31,2
DA:34,2
DA:37,2
DA:40,2
DA:43,2
DA:45,1
DA:46,1
DA:47,1
DA:48,3
DA:49,3
DA:50,1
DA:51,1
DA:52,1
DA:53,2
DA:54,1
DA:56,1
DA:57,1
DA:58,1
DA:59,1
DA:60,1
DA:61,1
DA:62,1
DA:63,2
DA:65,1
DA:66,1
DA:67,1
DA:70,1
DA:71,1
DA:77,2
DA:79,1
DA:80,3
DA:82,2
DA:83,1
DA:84,2
DA:86,1
DA:87,1
DA:91,3
DA:94,1
DA:95,3
DA:97,2
DA:98,0
DA:99,0
DA:101,1
DA:102,1
DA:106,3
DA:109,1
DA:110,3
DA:111,1
DA:112,1
LF:51
LH:49
end_of_record
SF:lib/presentation/provider/popular_movies_notifier.dart
DA:8,1
DA:11,2
DA:14,2
DA:17,2
DA:19,1
DA:20,1
DA:21,1
DA:23,3
DA:25,1
DA:26,1
DA:27,2
DA:28,1
DA:29,1
DA:31,1
DA:32,1
DA:33,1
DA:34,1
LF:17
LH:17
end_of_record
SF:lib/presentation/provider/top_rated_movies_notifier.dart
DA:8,1
DA:11,2
DA:14,2
DA:17,2
DA:19,1
DA:20,1
DA:21,1
DA:23,3
DA:25,1
DA:26,1
DA:27,2
DA:28,1
DA:29,1
DA:31,1
DA:32,1
DA:33,1
DA:34,1
LF:17
LH:17
end_of_record
SF:lib/presentation/pages/home_movie_page.dart
DA:11,0
DA:12,0
DA:13,0
DA:17,0
DA:19,0
DA:20,0
DA:21,0
DA:22,0
DA:23,0
DA:24,0
DA:27,0
DA:29,0
DA:30,0
DA:32,0
DA:33,0
DA:34,0
DA:35,0
DA:36,0
DA:37,0
DA:38,0
DA:39,0
DA:45,0
DA:49,0
DA:51,0
DA:52,0
DA:54,0
DA:55,0
DA:57,0
DA:59,0
DA:60,0
DA:61,0
DA:62,0
DA:63,0
DA:64,0
DA:66,0
DA:67,0
DA:69,0
DA:73,0
DA:75,0
DA:76,0
DA:78,0
DA:79,0
DA:80,0
DA:81,0
DA:82,0
DA:83,0
DA:85,0
DA:86,0
DA:88,0
DA:92,0
DA:94,0
DA:95,0
DA:97,0
DA:98,0
DA:99,0
DA:100,0
DA:101,0
DA:103,0
DA:104,0
DA:106,0
DA:118,0
DA:119,0
DA:121,0
DA:122,0
DA:124,0
DA:126,0
DA:128,0
DA:130,0
LF:68
LH:0
end_of_record
SF:lib/presentation/pages/movie_detail_page.dart
DA:12,2
DA:14,1
DA:15,1
DA:19,1
DA:21,1
DA:22,2
DA:23,2
DA:24,3
DA:25,2
DA:26,3
DA:30,1
DA:32,1
DA:33,1
DA:34,1
DA:35,2
DA:36,0
DA:37,0
DA:39,2
DA:40,1
DA:41,1
DA:42,1
DA:44,1
DA:45,1
DA:49,0
DA:62,1
DA:67,1
DA:69,1
DA:71,3
DA:72,1
DA:73,1
DA:74,1
DA:75,3
DA:77,2
DA:78,1
DA:80,0
DA:82,1
DA:84,1
DA:85,1
DA:86,1
DA:87,1
DA:89,2
DA:96,1
DA:97,1
DA:98,1
DA:100,1
DA:102,1
DA:104,1
DA:105,1
DA:106,2
DA:107,1
DA:109,1
DA:110,1
DA:111,1
DA:112,2
DA:115,2
DA:117,0
DA:120,0
DA:124,1
DA:126,1
DA:128,1
DA:131,1
DA:134,2
DA:135,2
DA:137,1
DA:139,1
DA:140,1
DA:141,1
DA:146,1
DA:148,1
DA:149,1
DA:150,1
DA:151,1
DA:152,1
DA:156,1
DA:157,3
DA:159,1
DA:160,3
DA:162,1
DA:163,1
DA:164,1
DA:165,3
DA:167,2
DA:173,4
DA:176,1
DA:177,1
DA:179,1
DA:181,1
DA:182,2
DA:184,1
DA:185,1
DA:187,1
DA:189,1
DA:190,1
DA:191,2
DA:193,0
DA:194,0
DA:196,2
DA:198,0
DA:199,2
DA:201,1
DA:203,1
DA:205,0
DA:206,0
DA:207,0
DA:209,0
DA:210,0
DA:211,0
DA:214,0
DA:217,0
DA:218,0
DA:219,0
DA:221,0
DA:223,0
DA:224,0
DA:225,0
DA:227,0
DA:230,0
DA:231,0
DA:237,2
DA:241,0
DA:249,1
DA:251,1
DA:266,1
DA:268,1
DA:271,1
DA:272,1
DA:273,0
DA:274,0
DA:283,1
DA:285,2
DA:286,3
DA:289,1
DA:293,3
DA:296,1
DA:297,1
DA:298,1
DA:300,1
DA:301,1
DA:303,0
LF:139
LH:109
end_of_record
SF:lib/presentation/pages/popular_movies_page.dart
DA:9,2
DA:11,1
DA:12,1
DA:16,1
DA:18,1
DA:19,2
DA:20,2
DA:21,1
DA:24,1
DA:26,1
DA:27,1
DA:28,1
DA:30,1
DA:32,1
DA:33,1
DA:34,2
DA:35,1
DA:36,1
DA:38,2
DA:39,1
DA:40,0
DA:41,0
DA:42,0
DA:47,2
DA:50,1
DA:51,1
DA:52,2
LF:27
LH:24
end_of_record
SF:lib/presentation/pages/top_rated_movies_page.dart
DA:9,2
DA:11,1
DA:12,1
DA:16,1
DA:18,1
DA:19,2
DA:20,2
DA:21,1
DA:24,1
DA:26,1
DA:27,1
DA:28,1
DA:30,1
DA:32,1
DA:33,1
DA:34,2
DA:35,1
DA:36,1
DA:38,2
DA:39,1
DA:40,0
DA:41,0
DA:42,0
DA:47,2
DA:50,1
DA:51,1
DA:52,2
LF:27
LH:24
end_of_record
