SF:lib/domain/usecase/get_movie_detail.dart
DA:7,1
DA:9,1
DA:10,2
LF:3
LH:3
end_of_record
SF:lib/domain/usecase/get_movie_recommendations.dart
DA:7,1
DA:9,1
DA:10,2
LF:3
LH:3
end_of_record
SF:lib/domain/usecase/get_now_playing_movies.dart
DA:7,1
DA:9,1
DA:10,2
LF:3
LH:3
end_of_record
SF:lib/domain/usecase/get_popular_movies.dart
DA:7,1
DA:9,1
DA:10,2
LF:3
LH:3
end_of_record
SF:lib/domain/usecase/get_top_rated_movies.dart
DA:7,1
DA:9,1
DA:10,2
LF:3
LH:3
end_of_record
SF:lib/presentation/pages/home_movie_page.dart
DA:11,0
DA:12,0
DA:13,0
DA:17,0
DA:19,0
DA:20,0
DA:21,0
DA:22,0
DA:23,0
DA:27,0
DA:29,0
DA:30,0
DA:32,0
DA:33,0
DA:34,0
DA:35,0
DA:36,0
DA:37,0
DA:38,0
DA:39,0
DA:45,0
DA:49,0
DA:51,0
DA:52,0
DA:54,0
DA:55,0
DA:57,0
DA:59,0
DA:60,0
DA:61,0
DA:62,0
DA:63,0
DA:65,0
DA:66,0
DA:67,0
DA:69,0
DA:71,0
DA:72,0
DA:73,0
DA:75,0
DA:76,0
DA:79,0
DA:84,0
DA:87,0
DA:88,0
DA:89,0
DA:91,0
DA:92,0
DA:93,0
DA:96,0
DA:100,0
DA:102,0
DA:103,0
DA:105,0
DA:106,0
DA:107,0
DA:108,0
DA:109,0
DA:111,0
DA:112,0
DA:113,0
DA:115,0
DA:117,0
DA:118,0
DA:119,0
DA:121,0
DA:122,0
DA:125,0
DA:130,0
DA:133,0
DA:134,0
DA:135,0
DA:137,0
DA:138,0
DA:139,0
DA:142,0
DA:146,0
DA:148,0
DA:149,0
DA:151,0
DA:152,0
DA:153,0
DA:154,0
DA:155,0
DA:157,0
DA:158,0
DA:159,0
DA:161,0
DA:163,0
DA:164,0
DA:165,0
DA:167,0
DA:168,0
DA:171,0
DA:176,0
DA:179,0
DA:180,0
DA:181,0
DA:183,0
DA:184,0
DA:185,0
DA:188,0
DA:201,0
DA:202,0
DA:204,0
DA:205,0
DA:207,0
DA:209,0
DA:211,0
DA:213,0
LF:110
LH:0
end_of_record
SF:lib/presentation/pages/movie_detail_page.dart
DA:13,0
DA:15,0
DA:16,0
DA:20,0
DA:22,0
DA:23,0
DA:24,0
DA:25,0
DA:26,0
DA:27,0
DA:28,0
DA:32,0
DA:34,0
DA:35,0
DA:36,0
DA:38,0
DA:39,0
DA:40,0
DA:41,0
DA:42,0
DA:43,0
DA:45,0
DA:46,0
DA:47,0
DA:48,0
DA:53,0
DA:54,0
DA:55,0
DA:57,0
DA:58,0
DA:59,0
DA:62,0
DA:74,0
DA:79,0
DA:80,0
DA:87,0
DA:89,0
DA:90,0
DA:91,0
DA:92,0
DA:93,0
DA:95,0
DA:96,0
DA:98,0
DA:100,0
DA:102,0
DA:103,0
DA:104,0
DA:105,0
DA:107,0
DA:114,0
DA:115,0
DA:116,0
DA:118,0
DA:120,0
DA:122,0
DA:123,0
DA:124,0
DA:125,0
DA:127,0
DA:128,0
DA:129,0
DA:131,0
DA:132,0
DA:134,0
DA:135,0
DA:138,0
DA:140,0
DA:141,0
DA:142,0
DA:143,0
DA:145,0
DA:146,0
DA:147,0
DA:148,0
DA:149,0
DA:151,0
DA:152,0
DA:153,0
DA:154,0
DA:155,0
DA:156,0
DA:160,0
DA:162,0
DA:163,0
DA:164,0
DA:170,0
DA:171,0
DA:172,0
DA:175,0
DA:177,0
DA:178,0
DA:179,0
DA:180,0
DA:181,0
DA:185,0
DA:186,0
DA:188,0
DA:189,0
DA:191,0
DA:192,0
DA:193,0
DA:194,0
DA:196,0
DA:202,0
DA:205,0
DA:206,0
DA:208,0
DA:210,0
DA:211,0
DA:213,0
DA:214,0
DA:216,0
DA:218,0
DA:220,0
DA:221,0
DA:222,0
DA:223,0
DA:226,0
DA:227,0
DA:228,0
DA:229,0
DA:230,0
DA:231,0
DA:234,0
DA:235,0
DA:237,0
DA:245,0
DA:247,0
DA:262,0
DA:264,0
DA:267,0
DA:268,0
DA:269,0
DA:270,0
DA:279,0
DA:280,0
DA:282,0
DA:284,0
DA:285,0
DA:286,0
DA:288,0
DA:289,0
DA:290,0
DA:293,0
DA:296,0
DA:297,0
DA:298,0
DA:300,0
DA:302,0
DA:303,0
DA:304,0
DA:306,0
DA:312,0
DA:317,0
DA:319,0
DA:320,0
DA:323,0
DA:327,0
DA:330,0
DA:331,0
DA:332,0
DA:334,0
DA:335,0
DA:337,0
LF:165
LH:0
end_of_record
SF:lib/presentation/pages/popular_movies_page.dart
DA:9,0
DA:11,0
DA:12,0
DA:16,0
DA:18,0
DA:19,0
DA:20,0
DA:21,0
DA:24,0
DA:26,0
DA:27,0
DA:28,0
DA:30,0
DA:32,0
DA:33,0
DA:34,0
DA:35,0
DA:36,0
DA:38,0
DA:39,0
DA:40,0
DA:41,0
DA:42,0
DA:45,0
DA:46,0
DA:49,0
DA:54,0
DA:56,0
DA:57,0
DA:58,0
DA:59,0
DA:62,0
DA:63,0
DA:64,0
DA:65,0
DA:69,0
LF:36
LH:0
end_of_record
SF:lib/presentation/pages/top_rated_movies_page.dart
DA:9,0
DA:11,0
DA:12,0
DA:16,0
DA:18,0
DA:19,0
DA:20,0
DA:21,0
DA:24,0
DA:26,0
DA:27,0
DA:28,0
DA:30,0
DA:32,0
DA:33,0
DA:34,0
DA:35,0
DA:36,0
DA:38,0
DA:39,0
DA:40,0
DA:41,0
DA:42,0
DA:45,0
DA:46,0
DA:49,0
DA:54,0
DA:56,0
DA:57,0
DA:58,0
DA:59,0
DA:62,0
DA:63,0
DA:64,0
DA:65,0
DA:69,0
LF:36
LH:0
end_of_record
SF:lib/presentation/bloc/movie_detail/movie_detail_state.dart
DA:7,1
DA:8,1
DA:12,1
DA:13,1
DA:19,1
DA:21,1
DA:22,2
DA:28,1
DA:30,1
DA:31,2
LF:10
LH:10
end_of_record
SF:lib/presentation/bloc/movie_detail/movie_detail_event.dart
DA:9,1
DA:11,1
DA:12,2
LF:3
LH:3
end_of_record
SF:lib/presentation/bloc/movie_detail/movie_detail_bloc.dart
DA:15,3
DA:16,2
DA:19,1
DA:23,1
DA:25,2
DA:27,3
DA:29,1
DA:30,1
DA:31,3
DA:33,1
DA:34,2
LF:11
LH:11
end_of_record
SF:lib/presentation/bloc/movie_now_playing/movie_list_bloc.dart
DA:15,1
DA:17,2
DA:18,2
DA:21,1
DA:23,2
DA:25,3
DA:27,1
DA:28,1
DA:29,3
DA:31,1
DA:32,5
LF:11
LH:11
end_of_record
SF:lib/presentation/bloc/movie_now_playing/movie_list_event.dart
DA:7,1
DA:8,1
LF:2
LH:2
end_of_record
SF:lib/presentation/bloc/movie_now_playing/movie_list_state.dart
DA:7,1
DA:8,1
DA:12,1
DA:13,1
DA:19,1
DA:21,1
DA:22,2
DA:28,1
DA:30,1
DA:31,2
LF:10
LH:10
end_of_record
SF:lib/presentation/bloc/movie_popular/movie_popular_state.dart
DA:7,1
DA:8,1
DA:12,1
DA:13,1
DA:19,1
DA:21,1
DA:22,2
DA:28,1
DA:30,1
DA:31,2
LF:10
LH:10
end_of_record
SF:lib/presentation/bloc/movie_popular/movie_popular_event.dart
DA:7,1
DA:8,1
LF:2
LH:2
end_of_record
SF:lib/presentation/bloc/movie_popular/movie_popular_bloc.dart
DA:15,3
DA:16,2
DA:19,1
DA:23,2
DA:25,3
DA:27,1
DA:28,1
DA:29,3
DA:31,1
DA:32,1
DA:33,2
DA:34,2
LF:12
LH:12
end_of_record
SF:lib/presentation/bloc/movie_recommendation/movie_recommendation_state.dart
DA:7,1
DA:8,1
DA:12,1
DA:13,1
DA:19,1
DA:21,1
DA:22,2
DA:28,1
DA:30,1
DA:31,2
LF:10
LH:10
end_of_record
SF:lib/presentation/bloc/movie_recommendation/movie_recommendation_bloc.dart
DA:16,1
DA:17,2
DA:18,2
DA:21,1
DA:25,1
DA:26,2
DA:28,3
DA:30,1
DA:31,1
DA:32,3
DA:34,1
DA:35,1
DA:36,2
DA:37,2
LF:14
LH:14
end_of_record
SF:lib/presentation/bloc/movie_recommendation/movie_recommendation_event.dart
DA:9,1
DA:11,1
DA:12,2
LF:3
LH:3
end_of_record
SF:lib/presentation/bloc/movie_top_rated/movie_top_rated_state.dart
DA:7,1
DA:8,1
DA:12,1
DA:13,1
DA:19,1
DA:21,1
DA:22,2
DA:28,1
DA:30,1
DA:31,2
LF:10
LH:10
end_of_record
SF:lib/presentation/bloc/movie_top_rated/movie_top_rated_event.dart
DA:7,1
DA:8,1
LF:2
LH:2
end_of_record
SF:lib/presentation/bloc/movie_top_rated/movie_top_rated_bloc.dart
DA:15,3
DA:16,2
DA:19,1
DA:23,2
DA:25,3
DA:27,1
DA:28,1
DA:29,3
DA:31,1
DA:32,1
DA:33,2
DA:34,2
LF:12
LH:12
end_of_record
