SF:lib/domain/usecase/movie_usecases/get_watchlist_movies.dart
DA:7,1
DA:9,1
DA:10,2
LF:3
LH:3
end_of_record
SF:lib/domain/usecase/movie_usecases/get_watchlist_status.dart
DA:6,2
DA:8,2
DA:9,4
LF:3
LH:3
end_of_record
SF:lib/domain/usecase/movie_usecases/remove_watchlist.dart
DA:7,2
DA:9,2
DA:10,4
LF:3
LH:3
end_of_record
SF:lib/domain/usecase/movie_usecases/save_watchlist.dart
DA:7,1
DA:9,1
DA:10,2
LF:3
LH:3
end_of_record
SF:lib/domain/usecase/tv_usecases/get_watchlist_tv_status.dart
DA:6,1
DA:8,1
DA:9,2
LF:3
LH:3
end_of_record
SF:lib/domain/usecase/tv_usecases/get_watchlist_tvshow.dart
DA:7,1
DA:9,1
DA:10,2
LF:3
LH:3
end_of_record
SF:lib/domain/usecase/tv_usecases/remove_tv_watchlist.dart
DA:7,1
DA:9,1
DA:10,2
LF:3
LH:3
end_of_record
SF:lib/domain/usecase/tv_usecases/save_tv_watchlist.dart
DA:7,1
DA:9,1
DA:10,2
LF:3
LH:3
end_of_record
SF:lib/presentation/bloc/movies/movie_watchlist_state.dart
DA:7,1
DA:8,1
DA:12,1
DA:13,1
DA:17,1
DA:18,1
DA:24,1
DA:26,1
DA:27,2
DA:33,1
DA:35,1
DA:36,2
DA:42,1
DA:44,1
DA:45,2
DA:51,1
DA:53,1
DA:54,2
LF:18
LH:18
end_of_record
SF:lib/presentation/bloc/movies/movie_watchlist_event.dart
DA:7,1
DA:8,1
DA:14,1
DA:16,1
DA:17,2
DA:23,1
DA:25,1
DA:26,2
DA:32,1
DA:34,1
DA:35,2
LF:11
LH:11
end_of_record
SF:lib/presentation/bloc/movies/movie_watchlist_bloc.dart
DA:22,1
DA:27,2
DA:28,2
DA:29,2
DA:30,2
DA:31,2
DA:34,1
DA:38,2
DA:40,3
DA:42,1
DA:43,1
DA:44,3
DA:46,1
DA:47,1
DA:48,2
DA:49,2
DA:54,1
DA:58,1
DA:60,3
DA:62,2
DA:65,1
DA:69,1
DA:71,3
DA:73,1
DA:74,1
DA:75,3
DA:77,1
DA:78,2
DA:83,1
DA:87,1
DA:89,3
DA:91,1
DA:92,1
DA:93,3
DA:95,1
DA:96,2
LF:36
LH:36
end_of_record
SF:lib/presentation/bloc/tvShow/tv_watchlist_event.dart
DA:7,1
DA:8,1
DA:14,1
DA:16,1
DA:17,2
DA:23,1
DA:25,1
DA:26,2
DA:32,1
DA:34,1
DA:35,2
LF:11
LH:11
end_of_record
SF:lib/presentation/bloc/tvShow/tv_watchlist_state.dart
DA:7,1
DA:8,1
DA:12,1
DA:13,1
DA:17,1
DA:18,1
DA:24,1
DA:26,1
DA:27,2
DA:33,1
DA:35,1
DA:36,2
DA:42,1
DA:44,1
DA:45,2
DA:51,1
DA:53,1
DA:54,2
LF:18
LH:18
end_of_record
SF:lib/presentation/bloc/tvShow/tv_watchlist_bloc.dart
DA:22,1
DA:27,2
DA:28,2
DA:29,2
DA:30,2
DA:31,2
DA:34,1
DA:38,2
DA:40,3
DA:42,1
DA:43,1
DA:44,3
DA:46,1
DA:47,1
DA:48,2
DA:49,2
DA:54,1
DA:58,1
DA:60,3
DA:62,2
DA:65,1
DA:69,1
DA:71,3
DA:73,1
DA:74,1
DA:75,3
DA:77,1
DA:78,2
DA:83,1
DA:87,1
DA:89,3
DA:91,1
DA:92,1
DA:93,3
DA:95,1
DA:96,2
LF:36
LH:36
end_of_record
SF:lib/presentation/pages/watchlist_page.dart
DA:11,0
DA:13,0
DA:14,0
DA:19,0
DA:21,0
DA:22,0
DA:23,0
DA:24,0
DA:28,0
DA:30,0
DA:31,0
DA:34,0
DA:36,0
DA:37,0
DA:40,0
DA:42,0
DA:43,0
DA:45,0
DA:46,0
DA:47,0
DA:48,0
DA:50,0
DA:52,0
DA:53,0
DA:54,0
DA:55,0
DA:56,0
DA:57,0
DA:58,0
DA:59,0
DA:61,0
DA:62,0
DA:63,0
DA:64,0
DA:66,0
DA:67,0
DA:68,0
DA:69,0
DA:74,0
DA:76,0
DA:77,0
DA:78,0
DA:79,0
DA:82,0
DA:83,0
DA:84,0
DA:89,0
DA:90,0
DA:91,0
DA:92,0
DA:93,0
DA:95,0
DA:96,0
DA:97,0
DA:98,0
DA:100,0
DA:101,0
DA:102,0
DA:103,0
DA:108,0
DA:110,0
DA:111,0
DA:112,0
DA:113,0
DA:116,0
DA:117,0
DA:118,0
DA:132,0
DA:134,0
DA:135,0
LF:70
LH:0
end_of_record
