SF:lib/domain/usecase/movie_usecases/get_watchlist_movies.dart
DA:7,1
DA:9,1
DA:10,2
LF:3
LH:3
end_of_record
SF:lib/domain/usecase/movie_usecases/get_watchlist_status.dart
DA:6,1
DA:8,1
DA:9,2
LF:3
LH:3
end_of_record
SF:lib/domain/usecase/movie_usecases/remove_watchlist.dart
DA:7,1
DA:9,1
DA:10,2
LF:3
LH:3
end_of_record
SF:lib/domain/usecase/movie_usecases/save_watchlist.dart
DA:7,1
DA:9,1
DA:10,2
LF:3
LH:3
end_of_record
SF:lib/domain/usecase/tv_usecases/get_watchlist_tv_status.dart
DA:6,1
DA:8,1
DA:9,2
LF:3
LH:3
end_of_record
SF:lib/domain/usecase/tv_usecases/get_watchlist_tvshow.dart
DA:7,1
DA:9,1
DA:10,2
LF:3
LH:3
end_of_record
SF:lib/domain/usecase/tv_usecases/remove_tv_watchlist.dart
DA:7,1
DA:9,1
DA:10,2
LF:3
LH:3
end_of_record
SF:lib/domain/usecase/tv_usecases/save_tv_watchlist.dart
DA:7,1
DA:9,1
DA:10,2
LF:3
LH:3
end_of_record
SF:lib/presentation/bloc/movies/movie_watchlist_state.dart
DA:7,1
DA:8,1
DA:12,1
DA:13,1
DA:17,1
DA:18,1
DA:24,2
DA:26,1
DA:27,2
DA:33,2
DA:35,1
DA:36,2
DA:42,1
DA:44,1
DA:45,2
DA:51,1
DA:53,1
DA:54,2
LF:18
LH:18
end_of_record
SF:lib/presentation/bloc/movies/movie_watchlist_event.dart
DA:7,1
DA:8,1
DA:14,1
DA:16,1
DA:17,2
DA:23,1
DA:25,1
DA:26,2
DA:32,1
DA:34,1
DA:35,2
LF:11
LH:11
end_of_record
SF:lib/presentation/bloc/movies/movie_watchlist_bloc.dart
DA:22,1
DA:27,2
DA:28,2
DA:29,2
DA:30,2
DA:31,2
DA:34,1
DA:38,2
DA:40,3
DA:42,1
DA:43,1
DA:44,3
DA:46,1
DA:47,1
DA:48,2
DA:49,2
DA:54,1
DA:58,1
DA:60,3
DA:62,2
DA:65,1
DA:69,1
DA:71,3
DA:73,1
DA:74,1
DA:75,3
DA:77,1
DA:78,2
DA:83,1
DA:87,1
DA:89,3
DA:91,1
DA:92,1
DA:93,3
DA:95,1
DA:96,2
LF:36
LH:36
end_of_record
SF:lib/presentation/bloc/tvShow/tv_watchlist_event.dart
DA:7,1
DA:8,1
DA:14,1
DA:16,1
DA:17,2
DA:23,1
DA:25,1
DA:26,2
DA:32,1
DA:34,1
DA:35,2
LF:11
LH:11
end_of_record
SF:lib/presentation/bloc/tvShow/tv_watchlist_state.dart
DA:7,1
DA:8,1
DA:12,1
DA:13,1
DA:17,1
DA:18,1
DA:24,2
DA:26,1
DA:27,2
DA:33,2
DA:35,1
DA:36,2
DA:42,1
DA:44,1
DA:45,2
DA:51,1
DA:53,1
DA:54,2
LF:18
LH:18
end_of_record
SF:lib/presentation/bloc/tvShow/tv_watchlist_bloc.dart
DA:22,1
DA:27,2
DA:28,2
DA:29,2
DA:30,2
DA:31,2
DA:34,1
DA:38,2
DA:40,3
DA:42,1
DA:43,1
DA:44,3
DA:46,1
DA:47,1
DA:48,2
DA:49,2
DA:54,1
DA:58,1
DA:60,3
DA:62,2
DA:65,1
DA:69,1
DA:71,3
DA:73,1
DA:74,1
DA:75,3
DA:77,1
DA:78,2
DA:83,1
DA:87,1
DA:89,3
DA:91,1
DA:92,1
DA:93,3
DA:95,1
DA:96,2
LF:36
LH:36
end_of_record
SF:lib/presentation/pages/watchlist_page.dart
DA:11,1
DA:13,1
DA:14,1
DA:19,1
DA:21,1
DA:22,2
DA:23,4
DA:24,4
DA:28,1
DA:30,1
DA:31,4
DA:34,0
DA:36,0
DA:37,0
DA:40,1
DA:42,1
DA:43,1
DA:45,1
DA:46,1
DA:47,1
DA:48,1
DA:50,1
DA:52,1
DA:53,1
DA:54,1
DA:55,1
DA:56,1
DA:57,1
DA:58,1
DA:59,1
DA:60,1
DA:62,1
DA:63,1
DA:65,1
DA:66,1
DA:67,2
DA:68,1
DA:69,2
DA:72,1
DA:73,1
DA:76,1
DA:81,2
DA:83,1
DA:84,1
DA:85,1
DA:86,2
DA:89,1
DA:90,1
DA:95,1
DA:96,1
DA:97,1
DA:98,1
DA:99,1
DA:101,1
DA:102,1
DA:104,1
DA:105,1
DA:106,2
DA:107,1
DA:108,2
DA:111,1
DA:112,1
DA:115,1
DA:120,2
DA:122,1
DA:123,1
DA:124,1
DA:125,2
DA:128,1
DA:129,1
DA:143,1
DA:145,2
DA:146,1
LF:73
LH:70
end_of_record
