SF:lib/main_page.dart
DA:13,2
DA:15,1
DA:16,1
DA:20,1
DA:22,1
DA:23,2
DA:24,4
DA:25,4
DA:26,4
DA:27,4
DA:31,1
DA:33,1
DA:34,1
DA:35,1
DA:37,1
DA:38,1
DA:39,1
DA:40,1
DA:41,1
DA:42,1
DA:43,1
DA:44,1
DA:45,1
DA:50,1
DA:54,1
DA:56,1
DA:57,1
DA:59,1
DA:60,1
DA:62,1
DA:64,1
DA:65,1
DA:66,1
DA:67,1
DA:68,1
DA:69,1
DA:71,1
DA:72,1
DA:73,1
DA:74,1
DA:75,1
DA:76,1
DA:78,1
DA:79,2
DA:83,1
DA:84,1
DA:86,1
DA:87,1
DA:93,1
DA:94,1
DA:96,1
DA:97,1
DA:104,1
DA:105,1
DA:106,1
DA:107,1
DA:108,1
DA:109,1
DA:111,1
DA:112,1
DA:113,1
DA:115,1
DA:117,1
DA:118,1
DA:119,1
DA:120,2
DA:122,1
DA:123,1
DA:126,1
DA:131,1
DA:134,1
DA:135,1
DA:136,1
DA:138,1
DA:139,2
DA:143,1
DA:144,1
DA:146,1
DA:147,1
DA:153,1
DA:155,1
DA:157,1
DA:158,1
DA:159,1
DA:160,1
DA:161,1
DA:162,1
DA:164,1
DA:165,1
DA:166,1
DA:167,1
DA:168,1
DA:169,1
DA:171,1
DA:172,2
DA:176,1
DA:177,1
DA:179,1
DA:180,1
DA:186,1
DA:187,1
DA:189,1
DA:190,1
DA:197,1
DA:198,1
DA:199,1
DA:200,1
DA:201,1
DA:202,1
DA:204,1
DA:205,1
DA:206,1
DA:208,1
DA:210,1
DA:211,1
DA:212,1
DA:213,2
DA:215,1
DA:216,1
DA:219,1
DA:224,1
DA:227,1
DA:228,1
DA:229,1
DA:231,1
DA:232,2
DA:236,1
DA:237,1
DA:239,1
DA:240,1
DA:255,1
DA:260,1
DA:262,1
DA:263,1
DA:265,1
DA:267,1
DA:269,1
DA:271,1
DA:272,1
DA:286,1
DA:287,1
DA:288,1
DA:289,1
DA:290,1
DA:291,1
DA:292,2
DA:293,0
DA:294,0
DA:297,0
DA:300,1
DA:302,1
DA:303,1
DA:304,1
DA:305,1
DA:306,1
DA:308,1
DA:309,1
DA:310,1
DA:311,2
DA:312,1
DA:314,0
DA:318,1
DA:319,1
DA:320,1
DA:321,1
DA:323,1
DA:324,1
DA:332,1
DA:337,1
DA:338,2
DA:339,1
DA:348,1
DA:358,1
DA:359,1
DA:360,1
DA:361,1
DA:362,1
DA:363,1
DA:364,2
DA:365,0
DA:366,0
DA:369,0
DA:372,1
DA:374,1
DA:375,1
DA:376,1
DA:377,1
DA:378,1
DA:380,1
DA:381,1
DA:382,1
DA:383,2
DA:384,1
DA:386,0
DA:390,1
DA:391,1
DA:392,1
DA:393,1
DA:395,1
DA:396,1
DA:404,1
DA:409,1
DA:410,2
DA:411,1
DA:420,1
LF:205
LH:197
end_of_record
